<?xml version="1.0" encoding="UTF-8"?>
<testng-results ignored="0" total="1" passed="1" failed="0" skipped="0">
  <reporter-output>
  </reporter-output>
  <suite started-at="2024-03-07T12:23:40 IST" name="Default suite" finished-at="2024-03-07T12:23:50 IST" duration-ms="9996">
    <groups>
    </groups>
    <test started-at="2024-03-07T12:23:40 IST" name="Default test" finished-at="2024-03-07T12:23:50 IST" duration-ms="9996">
      <class name="OrangHrm.LoginPage">
        <test-method signature="demo()[pri:0, instance:OrangHrm.LoginPage@12aba8be]" started-at="2024-03-07T12:23:40 IST" name="demo" finished-at="2024-03-07T12:23:50 IST" duration-ms="9934" status="PASS">
          <reporter-output>
          </reporter-output>
        </test-method> <!-- demo -->
      </class> <!-- OrangHrm.LoginPage -->
    </test> <!-- Default test -->
  </suite> <!-- Default suite -->
</testng-results>
